<?xml version="1.0" encoding="UTF-8"?>
<testsuite name="kosta.jihogrammer.electronic.Factory" tests="5" skipped="0" failures="0" errors="0" timestamp="2022-06-23T07:57:26" hostname="jiho.local" time="0.086">
  <properties/>
  <testcase name="에어컨_끄기()" classname="kosta.jihogrammer.electronic.Factory" time="0.041"/>
  <testcase name="에어컨_제작()" classname="kosta.jihogrammer.electronic.Factory" time="0.004"/>
  <testcase name="에어컨_내리기()" classname="kosta.jihogrammer.electronic.Factory" time="0.026"/>
  <testcase name="에어컨_올리기()" classname="kosta.jihogrammer.electronic.Factory" time="0.003"/>
  <testcase name="리모컨_연결()" classname="kosta.jihogrammer.electronic.Factory" time="0.003"/>
  <system-out><![CDATA[INITIALIZED
TURN ON
TURN OFF
INITIALIZED
INITIALIZED
TURN ON
SAMSUNG -10
INITIALIZED
TURN ON
SAMSUNG 10
INITIALIZED
TURN ON
]]></system-out>
  <system-err><![CDATA[]]></system-err>
</testsuite>
